Sun 08 Oct 2023 03:25:57 AM UTC: 
 tests:  0|5
total_score: 0/70
fa6f961
Sun 08 Oct 2023 03:13:58 PM UTC: 
 sudoku.c | 34 ++++++++++++++++++++++++++++++++++
 1 file changed, 34 insertions(+)
In file included from test.c:5:
sudoku.c: In function ‘is_valid’:
sudoku.c:47:3: error: unknown type name ‘bool’
   47 |   bool used[10];
      |   ^~~~
sudoku.c:50:18: error: ‘false’ undeclared (first use in this function); did you mean ‘fclose’?
   50 |     memset(used, false, sizeof(used));
      |                  ^~~~~
      |                  fclose
sudoku.c:50:18: note: each undeclared identifier is reported only once for each function it appears in
sudoku.c:56:19: error: ‘true’ undeclared (first use in this function)
   56 |       used[num] = true;
      |                   ^~~~
Compilation failed
6bf8eb5
Sun 08 Oct 2023 03:44:40 PM UTC: 
 sudoku.c | 21 +++++++++++++--------
 1 file changed, 13 insertions(+), 8 deletions(-)
 tests:  0|5
total_score: 0/70
5959a49
Sun 08 Oct 2023 03:52:53 PM UTC: 
 sudoku.c | 32 ++++++++++++++++++++++++++++++--
 1 file changed, 30 insertions(+), 2 deletions(-)
In file included from test.c:5:
sudoku.c: In function ‘get_adj_nodes’:
sudoku.c:99:33: error: ‘lista’ undeclared (first use in this function); did you mean ‘list’?
   99 |       pushBack(list, adj_node); lista
      |                                 ^~~~~
      |                                 list
sudoku.c:99:33: note: each undeclared identifier is reported only once for each function it appears in
sudoku.c:99:38: error: expected ‘;’ before ‘}’ token
   99 |       pushBack(list, adj_node); lista
      |                                      ^
      |                                      ;
  100 |         }
      |         ~                             
test.c: In function ‘adj_test1’:
test.c:62:17: error: too few arguments to function ‘get_adj_nodes’
   62 |     List* adj = get_adj_nodes(initial);
      |                 ^~~~~~~~~~~~~
In file included from test.c:5:
sudoku.c:91:7: note: declared here
   91 | List* get_adj_nodes(Node* n, int row, int col) {
      |       ^~~~~~~~~~~~~
test.c:95:11: error: too few arguments to function ‘get_adj_nodes’
   95 |     adj = get_adj_nodes(initial);
      |           ^~~~~~~~~~~~~
In file included from test.c:5:
sudoku.c:91:7: note: declared here
   91 | List* get_adj_nodes(Node* n, int row, int col) {
      |       ^~~~~~~~~~~~~
test.c: In function ‘test_mod_adj’:
test.c:155:17: error: too few arguments to function ‘get_adj_nodes’
  155 |     List* adj = get_adj_nodes(initial);
      |                 ^~~~~~~~~~~~~
In file included from test.c:5:
sudoku.c:91:7: note: declared here
   91 | List* get_adj_nodes(Node* n, int row, int col) {
      |       ^~~~~~~~~~~~~
Compilation failed
a31911c
Sun 08 Oct 2023 03:58:28 PM UTC: 
 sudoku.c | 17 ++++++++++++-----
 1 file changed, 12 insertions(+), 5 deletions(-)
 tests:  0|5
total_score: 0/70
649dbc9
Sun 08 Oct 2023 04:03:19 PM UTC: 
 sudoku.c | 28 ++--------------------------
 1 file changed, 2 insertions(+), 26 deletions(-)
 tests:  2|4
total_score: 15/70
73d8dd7
Sun 08 Oct 2023 04:27:41 PM UTC: 
 sudoku.c | 11 ++++++++---
 1 file changed, 8 insertions(+), 3 deletions(-)
 tests:  3|3
total_score: 25/70
78c6089
Sun 08 Oct 2023 04:29:25 PM UTC: 
 sudoku.c | 22 ++++++++++++++++++++++
 1 file changed, 22 insertions(+)
 tests:  3|3
total_score: 25/70
601371a
Sun 08 Oct 2023 04:31:03 PM UTC: 
 sudoku.c | 43 +++++++++++++++++++++----------------------
 1 file changed, 21 insertions(+), 22 deletions(-)
 tests:  3|3
total_score: 25/70
4cfadc3
Sun 08 Oct 2023 04:32:17 PM UTC: 
 sudoku.c | 10 ++++++++++
 1 file changed, 10 insertions(+)
In file included from test.c:5:
sudoku.c: In function ‘is_valid’:
sudoku.c:87:23: error: implicit declaration of function ‘get_adj_nodes’ [-Werror=implicit-function-declaration]
   87 |     List* adj_nodes = get_adj_nodes(n);
      |                       ^~~~~~~~~~~~~
sudoku.c:87:23: error: initialization of ‘List *’ from ‘int’ makes pointer from integer without a cast [-Werror=int-conversion]
sudoku.c: At top level:
sudoku.c:101:7: error: conflicting types for ‘get_adj_nodes’
  101 | List* get_adj_nodes(Node* n) {
      |       ^~~~~~~~~~~~~
sudoku.c:87:23: note: previous implicit declaration of ‘get_adj_nodes’ was here
   87 |     List* adj_nodes = get_adj_nodes(n);
      |                       ^~~~~~~~~~~~~
cc1: all warnings being treated as errors
Compilation failed
88b85ea
Sun 08 Oct 2023 04:34:30 PM UTC: 
 sudoku.c | 64 +++++++++++++++++++++++++++++++++-------------------------------
 1 file changed, 33 insertions(+), 31 deletions(-)
 tests:  3|3
total_score: 25/70
03ef28c
Sun 08 Oct 2023 04:35:21 PM UTC: 
 sudoku.c | 12 +++++++++---
 1 file changed, 9 insertions(+), 3 deletions(-)
 tests:  3|3
total_score: 25/70
755509c
Sun 08 Oct 2023 04:35:58 PM UTC: 
 sudoku.c | 60 ++++++++++++++++++------------------------------------------
 1 file changed, 18 insertions(+), 42 deletions(-)
 tests:  3|3
total_score: 25/70
54ae8ad
Sun 08 Oct 2023 04:36:29 PM UTC: 
 sudoku.c | 50 ++++++++++++++++++++++++++++----------------------
 1 file changed, 28 insertions(+), 22 deletions(-)
 tests:  3|3
total_score: 25/70
85bb171
Sun 08 Oct 2023 05:21:41 PM UTC: 
 sudoku.c | 15 ++++++++-------
 1 file changed, 8 insertions(+), 7 deletions(-)
 tests:  3|3
total_score: 25/70
de101e9
Sun 08 Oct 2023 05:26:15 PM UTC: 
 sudoku.c | 38 +++++++++++++++++++-------------------
 1 file changed, 19 insertions(+), 19 deletions(-)
test.c: In function ‘is_valid’:
test.c:245:5: error: ‘main’ is normally a non-static function [-Werror=main]
  245 | int main( int argc, char *argv[] ) {
      |     ^~~~
test.c:262:1: error: expected declaration or statement at end of input
  262 | }
      | ^
test.c:262:1: error: expected declaration or statement at end of input
test.c:262:1: error: expected declaration or statement at end of input
test.c:262: error: control reaches end of non-void function [-Werror=return-type]
  262 | }
      | 
At top level:
test.c:245:5: error: ‘main’ defined but not used [-Werror=unused-function]
  245 | int main( int argc, char *argv[] ) {
      |     ^~~~
test.c:7:8: error: ‘_strdup’ defined but not used [-Werror=unused-function]
    7 | char * _strdup(const char * str) {
      |        ^~~~~~~
cc1: all warnings being treated as errors
Compilation failed
761276f
Sun 08 Oct 2023 05:28:33 PM UTC: 
 sudoku.c | 37 ++++++++++++++++++-------------------
 1 file changed, 18 insertions(+), 19 deletions(-)
 tests:  3|3
total_score: 25/70
878d32f
Sun 08 Oct 2023 05:29:43 PM UTC: 
 sudoku.c | 10 +++++-----
 1 file changed, 5 insertions(+), 5 deletions(-)
 tests:  3|3
total_score: 25/70
4a40697
Sun 08 Oct 2023 08:03:45 PM UTC: 
 sudoku.c | 60 ++++++++++++++++++++++++++++++++----------------------------
 1 file changed, 32 insertions(+), 28 deletions(-)
 tests:  0|0
208533d
Sun 08 Oct 2023 08:06:21 PM UTC: 
 sudoku.c | 18 +++++++-----------
 1 file changed, 7 insertions(+), 11 deletions(-)
 tests:  0|0
40e3fd5
Sun 08 Oct 2023 08:13:18 PM UTC: 
 sudoku.c | 27 ++++++++++++++++++---------
 1 file changed, 18 insertions(+), 9 deletions(-)
In file included from test.c:5:
sudoku.c: In function ‘DFS’:
sudoku.c:150:9: error: implicit declaration of function ‘destroyList’ [-Werror=implicit-function-declaration]
  150 |         destroyList(adj_nodes); // Liberamos la lista de nodos adyacentes
      |         ^~~~~~~~~~~
sudoku.c: At top level:
sudoku.c:156:3: error: expected identifier or ‘(’ before ‘return’
  156 |   return NULL;
      |   ^~~~~~
sudoku.c:157:1: error: expected identifier or ‘(’ before ‘}’ token
  157 | }
      | ^
cc1: all warnings being treated as errors
Compilation failed
4fd3512
Sun 08 Oct 2023 08:25:02 PM UTC: 
 sudoku.c | 8 ++------
 1 file changed, 2 insertions(+), 6 deletions(-)
test.c:245:5: error: redefinition of ‘main’
  245 | int main( int argc, char *argv[] ) {
      |     ^~~~
In file included from test.c:5:
sudoku.c:158:5: note: previous definition of ‘main’ was here
  158 | int main( int argc, char *argv[] ){
      |     ^~~~
Compilation failed
f418ba2
Sun 08 Oct 2023 08:46:12 PM UTC: 
 sudoku.c | 28 ----------------------------
 1 file changed, 28 deletions(-)
test.c:245:5: error: redefinition of ‘main’
  245 | int main( int argc, char *argv[] ) {
      |     ^~~~
In file included from test.c:5:
sudoku.c:130:5: note: previous definition of ‘main’ was here
  130 | int main( int argc, char *argv[]) {
      |     ^~~~
sudoku.c: In function ‘DFS’:
sudoku.c:126:1: error: control reaches end of non-void function [-Werror=return-type]
  126 | }
      | ^
cc1: all warnings being treated as errors
Compilation failed
bad56a5
Sun 08 Oct 2023 08:46:24 PM UTC: 
 sudoku.c | 2 +-
 1 file changed, 1 insertion(+), 1 deletion(-)
test.c:245:5: error: redefinition of ‘main’
  245 | int main( int argc, char *argv[] ) {
      |     ^~~~
In file included from test.c:5:
sudoku.c:130:5: note: previous definition of ‘main’ was here
  130 | int main( int argc, char *argv[]) {
      |     ^~~~
Compilation failed
ddd0baf
Sun 08 Oct 2023 08:47:25 PM UTC: 
 sudoku.c | 4 ++--
 1 file changed, 2 insertions(+), 2 deletions(-)
 tests:  6|2
total_score: 45/70
b6f5c8b
Sun 08 Oct 2023 09:21:54 PM UTC: 
 sudoku.c | 5 +++++
 1 file changed, 5 insertions(+)
 tests:  6|2
total_score: 45/70
cf844d5
Sun 08 Oct 2023 09:24:58 PM UTC: 
 sudoku.c | 2 ++
 1 file changed, 2 insertions(+)
 tests:  6|2
total_score: 45/70
565b58d
Sun 08 Oct 2023 09:25:44 PM UTC: 
 sudoku.c | 4 ++--
 1 file changed, 2 insertions(+), 2 deletions(-)
 tests:  6|2
total_score: 45/70
54f1021
Sun 08 Oct 2023 09:26:18 PM UTC: 
 sudoku.c | 29 +++++++++++++++++++++++------
 1 file changed, 23 insertions(+), 6 deletions(-)
 tests:  7|1
total_score: 55/70
63f4f07
Sun 08 Oct 2023 09:27:50 PM UTC: 
 sudoku.c | 35 +++++++++++++++++++++++++++++------
 1 file changed, 29 insertions(+), 6 deletions(-)
In file included from test.c:5:
sudoku.c: In function ‘DFS’:
sudoku.c:147:11: error: implicit declaration of function ‘isEmpty’; did you mean ‘is_empty’? [-Werror=implicit-function-declaration]
  147 |   while (!isEmpty(stack)) {
      |           ^~~~~~~
      |           is_empty
sudoku.c:154:7: error: implicit declaration of function ‘freeStack’; did you mean ‘createStack’? [-Werror=implicit-function-declaration]
  154 |       freeStack(stack);
      |       ^~~~~~~~~
      |       createStack
sudoku.c:159:18: error: implicit declaration of function ‘getFirst’ [-Werror=implicit-function-declaration]
  159 |     Node* next = getFirst(adj_nodes);
      |                  ^~~~~~~~
sudoku.c:159:18: error: initialization of ‘Node *’ from ‘int’ makes pointer from integer without a cast [-Werror=int-conversion]
sudoku.c:163:14: error: implicit declaration of function ‘getNext’ [-Werror=implicit-function-declaration]
  163 |       next = getNext(adj_nodes);
      |              ^~~~~~~
sudoku.c:163:12: error: assignment to ‘Node *’ from ‘int’ makes pointer from integer without a cast [-Werror=int-conversion]
  163 |       next = getNext(adj_nodes);
      |            ^
sudoku.c:166:5: error: implicit declaration of function ‘freeList’; did you mean ‘createList’? [-Werror=implicit-function-declaration]
  166 |     freeList(adj_nodes);
      |     ^~~~~~~~
      |     createList
cc1: all warnings being treated as errors
Compilation failed
ac34d6d
Sun 08 Oct 2023 09:29:05 PM UTC: 
 sudoku.c | 26 ++++++++++++++------------
 1 file changed, 14 insertions(+), 12 deletions(-)
In file included from test.c:5:
sudoku.c: In function ‘DFS’:
sudoku.c:163:22: error: called object ‘next’ is not a function or function pointer
  163 |       next = (Node*) next(adj_nodes);
      |                      ^~~~
sudoku.c:159:11: note: declared here
  159 |     Node* next = (Node*) first(adj_nodes);
      |           ^~~~
Compilation failed
85db552
Sun 08 Oct 2023 09:29:42 PM UTC: 
 sudoku.c | 9 +++++----
 1 file changed, 5 insertions(+), 4 deletions(-)
In file included from test.c:5:
sudoku.c: In function ‘DFS’:
sudoku.c:159:5: error: unknown type name ‘node’; did you mean ‘Node’?
  159 |     node* next_node = (node*) first(adj_nodes);
      |     ^~~~
      |     Node
sudoku.c:159:24: error: ‘node’ undeclared (first use in this function); did you mean ‘Node’?
  159 |     node* next_node = (node*) first(adj_nodes);
      |                        ^~~~
      |                        Node
sudoku.c:159:24: note: each undeclared identifier is reported only once for each function it appears in
sudoku.c:159:29: error: expected expression before ‘)’ token
  159 |     node* next_node = (node*) first(adj_nodes);
      |                             ^
sudoku.c:162:32: error: request for member ‘data’ in something not a structure or union
  162 |       pushBack(stack, next_node->data);
      |                                ^~
sudoku.c:163:28: error: request for member ‘next’ in something not a structure or union
  163 |       next_node = next_node->next;
      |                            ^~
Compilation failed
d851895
Sun 08 Oct 2023 09:29:52 PM UTC: 
 sudoku.c | 2 +-
 1 file changed, 1 insertion(+), 1 deletion(-)
In file included from test.c:5:
sudoku.c: In function ‘DFS’:
sudoku.c:159:24: error: ‘node’ undeclared (first use in this function); did you mean ‘Node’?
  159 |     Node* next_node = (node*) first(adj_nodes);
      |                        ^~~~
      |                        Node
sudoku.c:159:24: note: each undeclared identifier is reported only once for each function it appears in
sudoku.c:159:29: error: expected expression before ‘)’ token
  159 |     Node* next_node = (node*) first(adj_nodes);
      |                             ^
sudoku.c:162:32: error: ‘Node’ has no member named ‘data’
  162 |       pushBack(stack, next_node->data);
      |                                ^~
sudoku.c:163:28: error: ‘Node’ has no member named ‘next’
  163 |       next_node = next_node->next;
      |                            ^~
Compilation failed
6a5facb
Sun 08 Oct 2023 09:29:59 PM UTC: 
 sudoku.c | 2 +-
 1 file changed, 1 insertion(+), 1 deletion(-)
In file included from test.c:5:
sudoku.c: In function ‘DFS’:
sudoku.c:162:32: error: ‘Node’ has no member named ‘data’
  162 |       pushBack(stack, next_node->data);
      |                                ^~
sudoku.c:163:28: error: ‘Node’ has no member named ‘next’
  163 |       next_node = next_node->next;
      |                            ^~
Compilation failed
c8eb7b7
Sun 08 Oct 2023 09:30:52 PM UTC: 
 sudoku.c | 2 +-
 1 file changed, 1 insertion(+), 1 deletion(-)
In file included from test.c:5:
sudoku.c: In function ‘DFS’:
sudoku.c:159:32: error: invalid use of incomplete typedef ‘List’
  159 |     Node* next_node = adj_nodes->first;
      |                                ^~
sudoku.c:162:32: error: ‘Node’ has no member named ‘data’
  162 |       pushBack(stack, next_node->data);
      |                                ^~
sudoku.c:163:28: error: ‘Node’ has no member named ‘next’
  163 |       next_node = next_node->next;
      |                            ^~
Compilation failed
6f4f4eb
